2024-12-30 07:17:40,021 - INFO -  
2024-12-30 07:17:40,035 - INFO - (5.4) ===================================================
2024-12-30 07:17:40,037 - INFO - Iniciando o processo pesquisa DESCRIÇĂO do documento: 3898132
2024-12-30 07:17:40,038 - INFO -  
2024-12-30 07:17:40,038 - INFO - Redirecionando para: https://verbodavida.info/IVV/?mod=ivv&exec=entradas_saidas_dados&ID=3898132
2024-12-30 07:17:42,859 - INFO - Nova página carregada com sucesso!
2024-12-30 07:17:42,888 - INFO - Número do documento extraído: Registrado(a) em: 30/12/2024 ŕs 04:17:04,Caixa Diário, DINHEIRO . Baixa realizada por CLAYTON LOPES DA SILVA
2024-12-30 07:17:44,421 - INFO - Descriçăo 'Registrado(a) em: 30/12/2024 ŕs 04:17:04,Caixa Diário, DINHEIRO . Baixa realizada por CLAYTON LOPES DA SILVA' gravada na linha 2, coluna 'DADOS DOC'.
2024-12-30 07:17:45,181 - INFO - IDUSER 'USERJOB' gravado na linha 2, coluna 'IDUSER'.
2024-12-30 07:17:45,949 - INFO - TIMESTAMP '30/12/2024 07:17:45' gravado na linha 2, coluna 'TIMESTAMP'.
2024-12-30 07:17:45,951 - INFO -  
2024-12-30 07:17:45,952 - INFO - Processamento finalizado para a linha 2
2024-12-30 07:17:45,953 - INFO - (5.5) ===================================================
2024-12-30 07:17:45,954 - INFO -  
2024-12-30 17:52:14,423 - INFO -  
2024-12-30 17:52:14,458 - INFO - 4.5===================================================
2024-12-30 17:52:14,461 - INFO - Iniciando o processo pesquisa DESCRIÇĂO do documento:
2024-12-30 17:52:14,462 - INFO -  
2024-12-30 17:52:14,465 - INFO - Redirecionando para: https://verbodavida.info/IVV/?mod=ivv&exec=entradas_saidas_dados&ID=3899400
2024-12-30 17:52:17,571 - INFO - Nova página carregada com sucesso!
2024-12-30 17:52:17,605 - INFO - Número do documento extraído: Registrado(a) em: 30/12/2024 ŕs 14:51:40,Caixa Diário, DINHEIRO . Baixa realizada por CLAYTON LOPES DA SILVA
2024-12-30 17:52:18,209 - INFO - Descriçăo 'Registrado(a) em: 30/12/2024 ŕs 14:51:40,Caixa Diário, DINHEIRO . Baixa realizada por CLAYTON LOPES DA SILVA' gravada na linha 2, coluna 'DADOS DOC'.
2024-12-30 17:52:18,516 - INFO - IDUSER 'USERJOB' gravado na linha 2, coluna 'IDUSER'.
2024-12-30 17:52:18,767 - INFO - TIMESTAMP '30/12/2024 17:52:18' gravado na linha 2, coluna 'TIMESTAMP'.
2024-12-30 17:52:18,767 - INFO -  
2024-12-30 17:52:18,771 - INFO - Processamento finalizado para a linha 2
2024-12-30 17:52:18,772 - INFO - (4.6) ===================================================
2024-12-30 17:52:18,774 - INFO -  
2024-12-31 06:41:37,013 - INFO -  
2024-12-31 06:41:37,046 - INFO - (4.5) ===================================================
2024-12-31 06:41:37,047 - INFO - Iniciando o processo pesquisa DESCRIÇĂO do documento: 3901640
2024-12-31 06:41:37,049 - INFO -  
2024-12-31 06:41:37,050 - INFO - Redirecionando para: https://verbodavida.info/IVV/?mod=ivv&exec=entradas_saidas_dados&ID=3901640
2024-12-31 06:41:40,691 - INFO - Nova página carregada com sucesso!
2024-12-31 06:41:40,740 - INFO - Número do documento extraído: Registrado(a) em: 31/12/2024 ŕs 03:41:03,Caixa Econômica Montepio Geral, TRANSFERĘNCIA BANCÁRIA Nş DOC:DESPESAS BANCÁRIAS N006 . Baixa realizada por CLAYTON LOPES DA SILVA
2024-12-31 06:41:41,310 - INFO - Descriçăo 'Registrado(a) em: 31/12/2024 ŕs 03:41:03,Caixa Econômica Montepio Geral, TRANSFERĘNCIA BANCÁRIA Nş DOC:DESPESAS BANCÁRIAS N006 . Baixa realizada por CLAYTON LOPES DA SILVA' gravada na linha 7, coluna 'DADOS DOC'.
2024-12-31 06:41:41,556 - INFO - IDUSER 'USERJOB' gravado na linha 7, coluna 'IDUSER'.
2024-12-31 06:41:41,820 - INFO - TIMESTAMP '31/12/2024 06:41:41' gravado na linha 7, coluna 'TIMESTAMP'.
2024-12-31 06:41:41,823 - INFO -  
2024-12-31 06:41:41,825 - INFO - Processamento finalizado para a linha 7
2024-12-31 06:41:41,828 - INFO - (4.6) ===================================================
2024-12-31 06:41:41,830 - INFO -  
2024-12-31 06:42:43,568 - INFO -  
2024-12-31 06:42:43,571 - INFO - (5.4) ===================================================
2024-12-31 06:42:43,573 - INFO - Iniciando o processo pesquisa DESCRIÇĂO do documento: 3901641
2024-12-31 06:42:43,574 - INFO -  
2024-12-31 06:42:43,576 - INFO - Redirecionando para: https://verbodavida.info/IVV/?mod=ivv&exec=entradas_saidas_dados&ID=3901641
2024-12-31 06:42:46,775 - INFO - Nova página carregada com sucesso!
2024-12-31 06:42:46,828 - INFO - Número do documento extraído: Registrado(a) em: 31/12/2024 ŕs 03:42:09,Caixa Econômica Montepio Geral, TRANSFERĘNCIA BANCÁRIA . Baixa realizada por CLAYTON LOPES DA SILVA
2024-12-31 06:42:47,398 - INFO - Descriçăo 'Registrado(a) em: 31/12/2024 ŕs 03:42:09,Caixa Econômica Montepio Geral, TRANSFERĘNCIA BANCÁRIA . Baixa realizada por CLAYTON LOPES DA SILVA' gravada na linha 6, coluna 'DADOS DOC'.
2024-12-31 06:42:47,633 - INFO - IDUSER 'USERJOB' gravado na linha 6, coluna 'IDUSER'.
2024-12-31 06:42:47,882 - INFO - TIMESTAMP '31/12/2024 06:42:47' gravado na linha 6, coluna 'TIMESTAMP'.
2024-12-31 06:42:47,886 - INFO -  
2024-12-31 06:42:47,890 - INFO - Processamento finalizado para a linha 6
2024-12-31 06:42:47,892 - INFO - (5.5) ===================================================
2024-12-31 06:42:47,893 - INFO -  
2024-12-31 06:43:49,615 - INFO -  
2024-12-31 06:43:49,618 - INFO - (5.4) ===================================================
2024-12-31 06:43:49,622 - INFO - Iniciando o processo pesquisa DESCRIÇĂO do documento: 3901642
2024-12-31 06:43:49,625 - INFO -  
2024-12-31 06:43:49,627 - INFO - Redirecionando para: https://verbodavida.info/IVV/?mod=ivv&exec=entradas_saidas_dados&ID=3901642
2024-12-31 06:43:52,910 - INFO - Nova página carregada com sucesso!
2024-12-31 06:43:52,964 - INFO - Número do documento extraído: Registrado(a) em: 31/12/2024 ŕs 03:43:14,Caixa Econômica Montepio Geral, TRANSFERĘNCIA BANCÁRIA . Baixa realizada por CLAYTON LOPES DA SILVA
2024-12-31 06:43:53,434 - INFO - Descriçăo 'Registrado(a) em: 31/12/2024 ŕs 03:43:14,Caixa Econômica Montepio Geral, TRANSFERĘNCIA BANCÁRIA . Baixa realizada por CLAYTON LOPES DA SILVA' gravada na linha 5, coluna 'DADOS DOC'.
2024-12-31 06:43:53,651 - INFO - IDUSER 'USERJOB' gravado na linha 5, coluna 'IDUSER'.
2024-12-31 06:43:53,861 - INFO - TIMESTAMP '31/12/2024 06:43:53' gravado na linha 5, coluna 'TIMESTAMP'.
2024-12-31 06:43:53,863 - INFO -  
2024-12-31 06:43:53,865 - INFO - Processamento finalizado para a linha 5
2024-12-31 06:43:53,866 - INFO - (5.5) ===================================================
2024-12-31 06:43:53,868 - INFO -  
2024-12-31 06:45:11,446 - INFO -  
2024-12-31 06:45:11,448 - INFO - (4.5) ===================================================
2024-12-31 06:45:11,451 - INFO - Iniciando o processo pesquisa DESCRIÇĂO do documento: 3901643
2024-12-31 06:45:11,454 - INFO -  
2024-12-31 06:45:11,457 - INFO - Redirecionando para: https://verbodavida.info/IVV/?mod=ivv&exec=entradas_saidas_dados&ID=3901643
2024-12-31 06:45:14,492 - INFO - Nova página carregada com sucesso!
2024-12-31 06:45:14,540 - INFO - Número do documento extraído: Registrado(a) em: 31/12/2024 ŕs 03:44:37,Caixa Econômica Montepio Geral, TRANSFERĘNCIA BANCÁRIA Nş DOC:IMPOSTO SOBRE OPERAÇŐES FINANCEIRAS N003 . Baixa realizada por CLAYTON LOPES DA SILVA
2024-12-31 06:45:15,058 - INFO - Descriçăo 'Registrado(a) em: 31/12/2024 ŕs 03:44:37,Caixa Econômica Montepio Geral, TRANSFERĘNCIA BANCÁRIA Nş DOC:IMPOSTO SOBRE OPERAÇŐES FINANCEIRAS N003 . Baixa realizada por CLAYTON LOPES DA SILVA' gravada na linha 4, coluna 'DADOS DOC'.
2024-12-31 06:45:15,289 - INFO - IDUSER 'USERJOB' gravado na linha 4, coluna 'IDUSER'.
2024-12-31 06:45:15,508 - INFO - TIMESTAMP '31/12/2024 06:45:15' gravado na linha 4, coluna 'TIMESTAMP'.
2024-12-31 06:45:15,509 - INFO -  
2024-12-31 06:45:15,511 - INFO - Processamento finalizado para a linha 4
2024-12-31 06:45:15,512 - INFO - (4.6) ===================================================
2024-12-31 06:45:15,514 - INFO -  
2024-12-31 06:46:31,512 - INFO -  
2024-12-31 06:46:31,514 - INFO - (4.5) ===================================================
2024-12-31 06:46:31,515 - INFO - Iniciando o processo pesquisa DESCRIÇĂO do documento: 3901644
2024-12-31 06:46:31,517 - INFO -  
2024-12-31 06:46:31,518 - INFO - Redirecionando para: https://verbodavida.info/IVV/?mod=ivv&exec=entradas_saidas_dados&ID=3901644
2024-12-31 06:46:35,214 - INFO - Nova página carregada com sucesso!
2024-12-31 06:46:35,251 - INFO - Número do documento extraído: Registrado(a) em: 31/12/2024 ŕs 03:45:57,Caixa Econômica Montepio Geral, TRANSFERĘNCIA BANCÁRIA Nş DOC:DESPESAS BANCÁRIAS N002 . Baixa realizada por CLAYTON LOPES DA SILVA
2024-12-31 06:46:35,788 - INFO - Descriçăo 'Registrado(a) em: 31/12/2024 ŕs 03:45:57,Caixa Econômica Montepio Geral, TRANSFERĘNCIA BANCÁRIA Nş DOC:DESPESAS BANCÁRIAS N002 . Baixa realizada por CLAYTON LOPES DA SILVA' gravada na linha 3, coluna 'DADOS DOC'.
2024-12-31 06:46:36,135 - INFO - IDUSER 'USERJOB' gravado na linha 3, coluna 'IDUSER'.
2024-12-31 06:46:36,388 - INFO - TIMESTAMP '31/12/2024 06:46:36' gravado na linha 3, coluna 'TIMESTAMP'.
2024-12-31 06:46:36,389 - INFO -  
2024-12-31 06:46:36,391 - INFO - Processamento finalizado para a linha 3
2024-12-31 06:46:36,393 - INFO - (4.6) ===================================================
2024-12-31 06:46:36,394 - INFO -  
2024-12-31 07:48:56,053 - INFO -  
2024-12-31 07:48:56,156 - INFO - (4.5) ===================================================
2024-12-31 07:48:56,157 - INFO - Iniciando o processo pesquisa DESCRIÇĂO do documento: 3901645
2024-12-31 07:48:56,159 - INFO -  
2024-12-31 07:48:56,161 - INFO - Redirecionando para: https://verbodavida.info/IVV/?mod=ivv&exec=entradas_saidas_dados&ID=3901645
2024-12-31 07:48:59,309 - INFO - Nova página carregada com sucesso!
2024-12-31 07:48:59,347 - INFO - Número do documento extraído: Registrado(a) em: 31/12/2024 ŕs 04:48:22,Caixa Econômica Montepio Geral, TRANSFERĘNCIA BANCÁRIA Nş DOC:ORNAMENTAÇĂO CULTO DE FINAL DE ANO . Baixa realizada por CLAYTON LOPES DA SILVA
2024-12-31 07:48:59,827 - INFO - Descriçăo 'Registrado(a) em: 31/12/2024 ŕs 04:48:22,Caixa Econômica Montepio Geral, TRANSFERĘNCIA BANCÁRIA Nş DOC:ORNAMENTAÇĂO CULTO DE FINAL DE ANO . Baixa realizada por CLAYTON LOPES DA SILVA' gravada na linha 9, coluna 'DADOS DOC'.
2024-12-31 07:49:00,138 - INFO - IDUSER 'USERJOB' gravado na linha 9, coluna 'IDUSER'.
2024-12-31 07:49:00,371 - INFO - TIMESTAMP '31/12/2024 07:49:00' gravado na linha 9, coluna 'TIMESTAMP'.
2024-12-31 07:49:00,372 - INFO -  
2024-12-31 07:49:00,373 - INFO - Processamento finalizado para a linha 9
2024-12-31 07:49:00,375 - INFO - (4.6) ===================================================
2024-12-31 07:49:00,376 - INFO -  
2024-12-31 07:50:17,246 - INFO -  
2024-12-31 07:50:17,250 - INFO - (4.5) ===================================================
2024-12-31 07:50:17,253 - INFO - Iniciando o processo pesquisa DESCRIÇĂO do documento: 3901645
2024-12-31 07:50:17,257 - INFO -  
2024-12-31 07:50:17,260 - INFO - Redirecionando para: https://verbodavida.info/IVV/?mod=ivv&exec=entradas_saidas_dados&ID=3901645
2024-12-31 07:50:20,694 - INFO - Nova página carregada com sucesso!
2024-12-31 07:50:20,717 - INFO - Número do documento extraído: Registrado(a) em: 31/12/2024 ŕs 04:48:22,Caixa Econômica Montepio Geral, TRANSFERĘNCIA BANCÁRIA Nş DOC:ORNAMENTAÇĂO CULTO DE FINAL DE ANO . Baixa realizada por CLAYTON LOPES DA SILVA
2024-12-31 07:50:21,139 - INFO - Descriçăo 'Registrado(a) em: 31/12/2024 ŕs 04:48:22,Caixa Econômica Montepio Geral, TRANSFERĘNCIA BANCÁRIA Nş DOC:ORNAMENTAÇĂO CULTO DE FINAL DE ANO . Baixa realizada por CLAYTON LOPES DA SILVA' gravada na linha 8, coluna 'DADOS DOC'.
2024-12-31 07:50:21,443 - INFO - IDUSER 'USERJOB' gravado na linha 8, coluna 'IDUSER'.
2024-12-31 07:50:21,667 - INFO - TIMESTAMP '31/12/2024 07:50:21' gravado na linha 8, coluna 'TIMESTAMP'.
2024-12-31 07:50:21,669 - INFO -  
2024-12-31 07:50:21,669 - INFO - Processamento finalizado para a linha 8
2024-12-31 07:50:21,670 - INFO - (4.6) ===================================================
2024-12-31 07:50:21,671 - INFO -  
2025-01-01 19:02:49,364 - INFO -  
2025-01-01 19:02:49,393 - INFO - 4.5===================================================
2025-01-01 19:02:49,394 - INFO - Iniciando o processo pesquisa DESCRIÇĂO do documento:
2025-01-01 19:02:49,394 - INFO -  
2025-01-01 19:02:49,395 - INFO - Redirecionando para: https://verbodavida.info/IVV/?mod=ivv&exec=entradas_saidas_dados&ID=3903223
2025-01-01 19:02:52,480 - INFO - Nova página carregada com sucesso!
2025-01-01 19:02:52,514 - INFO - Número do documento extraído: Registrado(a) em: 01/01/2025 ŕs 16:02:13,Caixa Econômica Montepio Geral, TRANSFERĘNCIA BANCÁRIA . Baixa realizada por CLAYTON LOPES DA SILVA
2025-01-01 19:02:54,086 - INFO - Descriçăo 'Registrado(a) em: 01/01/2025 ŕs 16:02:13,Caixa Econômica Montepio Geral, TRANSFERĘNCIA BANCÁRIA . Baixa realizada por CLAYTON LOPES DA SILVA' gravada na linha 6, coluna 'DADOS DOC'.
2025-01-01 19:02:54,393 - INFO - IDUSER 'USERJOB' gravado na linha 6, coluna 'IDUSER'.
2025-01-01 19:02:55,213 - INFO - TIMESTAMP '01/01/2025 19:02:54' gravado na linha 6, coluna 'TIMESTAMP'.
2025-01-01 19:02:55,216 - INFO -  
2025-01-01 19:02:55,218 - INFO - Processamento finalizado para a linha 6
2025-01-01 19:02:55,221 - INFO - (4.6) ===================================================
2025-01-01 19:02:55,224 - INFO -  
2025-01-02 01:55:59,397 - INFO -  
2025-01-02 01:55:59,453 - INFO - 4.5===================================================
2025-01-02 01:55:59,454 - INFO - Iniciando o processo pesquisa DESCRIÇĂO do documento:
2025-01-02 01:55:59,455 - INFO -  
2025-01-02 01:55:59,457 - INFO - Redirecionando para: https://verbodavida.info/IVV/?mod=ivv&exec=entradas_saidas_dados&ID=3903583
2025-01-02 01:56:02,733 - INFO - Nova página carregada com sucesso!
2025-01-02 01:56:02,780 - INFO - Número do documento extraído: Registrado(a) em: 01/01/2025 ŕs 22:55:23,Caixa Econômica Montepio Geral, TRANSFERĘNCIA BANCÁRIA Nş DOC:IMPOSTO SOBRE OPERAÇŐES FINANCEIRAS N008 . Baixa realizada por CLAYTON LOPES DA SILVA
2025-01-02 01:56:04,487 - INFO - Descriçăo 'Registrado(a) em: 01/01/2025 ŕs 22:55:23,Caixa Econômica Montepio Geral, TRANSFERĘNCIA BANCÁRIA Nş DOC:IMPOSTO SOBRE OPERAÇŐES FINANCEIRAS N008 . Baixa realizada por CLAYTON LOPES DA SILVA' gravada na linha 9, coluna 'DADOS DOC'.
2025-01-02 01:56:05,314 - INFO - IDUSER 'USERJOB' gravado na linha 9, coluna 'IDUSER'.
2025-01-02 01:56:06,240 - INFO - TIMESTAMP '02/01/2025 01:56:05' gravado na linha 9, coluna 'TIMESTAMP'.
2025-01-02 02:14:53,458 - INFO -  
2025-01-02 02:14:53,550 - INFO - 4.5===================================================
2025-01-02 02:14:53,553 - INFO - Iniciando o processo pesquisa DESCRIÇĂO do documento:
2025-01-02 02:14:53,558 - INFO -  
2025-01-02 02:14:53,562 - INFO - Redirecionando para: https://verbodavida.info/IVV/?mod=ivv&exec=entradas_saidas_dados&ID=3903593
2025-01-02 02:14:56,610 - INFO - Nova página carregada com sucesso!
2025-01-02 02:14:56,648 - INFO - Número do documento extraído: Registrado(a) em: 01/01/2025 ŕs 23:14:17,Caixa Econômica Montepio Geral, TRANSFERĘNCIA BANCÁRIA Nş DOC:DESPESAS BANCÁRIAS N007 . Baixa realizada por CLAYTON LOPES DA SILVA
2025-01-02 02:14:58,390 - INFO - Descriçăo 'Registrado(a) em: 01/01/2025 ŕs 23:14:17,Caixa Econômica Montepio Geral, TRANSFERĘNCIA BANCÁRIA Nş DOC:DESPESAS BANCÁRIAS N007 . Baixa realizada por CLAYTON LOPES DA SILVA' gravada na linha 8, coluna 'DADOS DOC'.
2025-01-02 02:14:59,279 - INFO - IDUSER 'USERJOB' gravado na linha 8, coluna 'IDUSER'.
2025-01-02 02:15:00,202 - INFO - TIMESTAMP '02/01/2025 02:14:59' gravado na linha 8, coluna 'TIMESTAMP'.
2025-01-02 03:05:28,566 - INFO -  
2025-01-02 03:05:28,609 - INFO - (4.5) ===================================================
2025-01-02 03:05:28,610 - INFO - Iniciando o processo de pesquisa da descrçăo dos inputs do nş documento: {doc_soma}
2025-01-02 03:05:28,611 - INFO -  
2025-01-02 03:05:28,613 - INFO - Redirecionando para: https://verbodavida.info/IVV/?mod=ivv&exec=entradas_saidas_dados&ID=3903583
2025-01-02 03:05:31,452 - INFO - Nova página carregada com sucesso!
2025-01-02 03:05:31,481 - INFO - Número do documento extraído: Registrado(a) em: 01/01/2025 ŕs 22:55:23,Caixa Econômica Montepio Geral, TRANSFERĘNCIA BANCÁRIA Nş DOC:IMPOSTO SOBRE OPERAÇŐES FINANCEIRAS N008 . Baixa realizada por CLAYTON LOPES DA SILVA
2025-01-02 03:05:33,088 - INFO - Descriçăo 'Registrado(a) em: 01/01/2025 ŕs 22:55:23,Caixa Econômica Montepio Geral, TRANSFERĘNCIA BANCÁRIA Nş DOC:IMPOSTO SOBRE OPERAÇŐES FINANCEIRAS N008 . Baixa realizada por CLAYTON LOPES DA SILVA' gravada na linha 9, coluna 'DADOS DOC'.
2025-01-02 03:05:33,913 - INFO - IDUSER 'USERJOB' gravado na linha 9, coluna 'IDUSER'.
2025-01-02 03:05:34,759 - INFO - TIMESTAMP '02/01/2025 03:05:33' gravado na linha 9, coluna 'TIMESTAMP'.
2025-01-02 03:06:57,950 - INFO -  
2025-01-02 03:06:57,955 - INFO - (4.5) ===================================================
2025-01-02 03:06:57,958 - INFO - Iniciando o processo de pesquisa da descrçăo dos inputs do nş documento: {doc_soma}
2025-01-02 03:06:57,961 - INFO -  
2025-01-02 03:06:57,964 - INFO - Redirecionando para: https://verbodavida.info/IVV/?mod=ivv&exec=entradas_saidas_dados&ID=3903583
2025-01-02 03:07:01,220 - INFO - Nova página carregada com sucesso!
2025-01-02 03:07:01,280 - INFO - Número do documento extraído: Registrado(a) em: 01/01/2025 ŕs 22:55:23,Caixa Econômica Montepio Geral, TRANSFERĘNCIA BANCÁRIA Nş DOC:IMPOSTO SOBRE OPERAÇŐES FINANCEIRAS N008 . Baixa realizada por CLAYTON LOPES DA SILVA
2025-01-02 03:07:02,517 - INFO - Descriçăo 'Registrado(a) em: 01/01/2025 ŕs 22:55:23,Caixa Econômica Montepio Geral, TRANSFERĘNCIA BANCÁRIA Nş DOC:IMPOSTO SOBRE OPERAÇŐES FINANCEIRAS N008 . Baixa realizada por CLAYTON LOPES DA SILVA' gravada na linha 9, coluna 'DADOS DOC'.
2025-01-02 03:07:03,372 - INFO - IDUSER 'USERJOB' gravado na linha 9, coluna 'IDUSER'.
2025-01-02 03:07:03,683 - INFO - TIMESTAMP '02/01/2025 03:07:03' gravado na linha 9, coluna 'TIMESTAMP'.
2025-01-02 03:08:26,261 - INFO -  
2025-01-02 03:08:26,262 - INFO - (4.5) ===================================================
2025-01-02 03:08:26,263 - INFO - Iniciando o processo de pesquisa da descrçăo dos inputs do nş documento: {doc_soma}
2025-01-02 03:08:26,263 - INFO -  
2025-01-02 03:08:26,264 - INFO - Redirecionando para: https://verbodavida.info/IVV/?mod=ivv&exec=entradas_saidas_dados&ID=3903583
2025-01-02 03:08:29,780 - INFO - Nova página carregada com sucesso!
2025-01-02 03:08:29,814 - INFO - Número do documento extraído: Registrado(a) em: 01/01/2025 ŕs 22:55:23,Caixa Econômica Montepio Geral, TRANSFERĘNCIA BANCÁRIA Nş DOC:IMPOSTO SOBRE OPERAÇŐES FINANCEIRAS N008 . Baixa realizada por CLAYTON LOPES DA SILVA
2025-01-02 03:08:31,562 - INFO - Descriçăo 'Registrado(a) em: 01/01/2025 ŕs 22:55:23,Caixa Econômica Montepio Geral, TRANSFERĘNCIA BANCÁRIA Nş DOC:IMPOSTO SOBRE OPERAÇŐES FINANCEIRAS N008 . Baixa realizada por CLAYTON LOPES DA SILVA' gravada na linha 9, coluna 'DADOS DOC'.
2025-01-02 03:08:31,875 - INFO - IDUSER 'USERJOB' gravado na linha 9, coluna 'IDUSER'.
2025-01-02 03:08:32,768 - INFO - TIMESTAMP '02/01/2025 03:08:31' gravado na linha 9, coluna 'TIMESTAMP'.
2025-01-02 03:09:50,600 - INFO -  
2025-01-02 03:09:50,602 - INFO - (4.5) ===================================================
2025-01-02 03:09:50,605 - INFO - Iniciando o processo de pesquisa da descrçăo dos inputs do nş documento: {doc_soma}
2025-01-02 03:09:50,608 - INFO -  
2025-01-02 03:09:50,610 - INFO - Redirecionando para: https://verbodavida.info/IVV/?mod=ivv&exec=entradas_saidas_dados&ID=3903583
2025-01-02 03:09:53,722 - INFO - Nova página carregada com sucesso!
2025-01-02 03:09:53,755 - INFO - Número do documento extraído: Registrado(a) em: 01/01/2025 ŕs 22:55:23,Caixa Econômica Montepio Geral, TRANSFERĘNCIA BANCÁRIA Nş DOC:IMPOSTO SOBRE OPERAÇŐES FINANCEIRAS N008 . Baixa realizada por CLAYTON LOPES DA SILVA
2025-01-02 03:09:54,934 - INFO - Descriçăo 'Registrado(a) em: 01/01/2025 ŕs 22:55:23,Caixa Econômica Montepio Geral, TRANSFERĘNCIA BANCÁRIA Nş DOC:IMPOSTO SOBRE OPERAÇŐES FINANCEIRAS N008 . Baixa realizada por CLAYTON LOPES DA SILVA' gravada na linha 9, coluna 'DADOS DOC'.
2025-01-02 03:09:55,269 - INFO - IDUSER 'USERJOB' gravado na linha 9, coluna 'IDUSER'.
2025-01-02 03:09:55,610 - INFO - TIMESTAMP '02/01/2025 03:09:55' gravado na linha 9, coluna 'TIMESTAMP'.
2025-01-02 03:11:10,447 - INFO -  
2025-01-02 03:11:10,449 - INFO - (4.5) ===================================================
2025-01-02 03:11:10,449 - INFO - Iniciando o processo de pesquisa da descrçăo dos inputs do nş documento: {doc_soma}
2025-01-02 03:11:10,451 - INFO -  
2025-01-02 03:11:10,452 - INFO - Redirecionando para: https://verbodavida.info/IVV/?mod=ivv&exec=entradas_saidas_dados&ID=3903583
2025-01-02 03:11:14,075 - INFO - Nova página carregada com sucesso!
2025-01-02 03:11:14,118 - INFO - Número do documento extraído: Registrado(a) em: 01/01/2025 ŕs 22:55:23,Caixa Econômica Montepio Geral, TRANSFERĘNCIA BANCÁRIA Nş DOC:IMPOSTO SOBRE OPERAÇŐES FINANCEIRAS N008 . Baixa realizada por CLAYTON LOPES DA SILVA
2025-01-02 03:11:15,284 - INFO - Descriçăo 'Registrado(a) em: 01/01/2025 ŕs 22:55:23,Caixa Econômica Montepio Geral, TRANSFERĘNCIA BANCÁRIA Nş DOC:IMPOSTO SOBRE OPERAÇŐES FINANCEIRAS N008 . Baixa realizada por CLAYTON LOPES DA SILVA' gravada na linha 9, coluna 'DADOS DOC'.
2025-01-02 03:11:15,588 - INFO - IDUSER 'USERJOB' gravado na linha 9, coluna 'IDUSER'.
2025-01-02 03:11:15,894 - INFO - TIMESTAMP '02/01/2025 03:11:15' gravado na linha 9, coluna 'TIMESTAMP'.
2025-01-02 03:18:40,721 - INFO -  
2025-01-02 03:18:40,785 - INFO - (4.5) ===================================================
2025-01-02 03:18:40,787 - INFO - Iniciando o processo de pesquisa da descrçăo dos inputs do nş documento: 3903631
2025-01-02 03:18:40,788 - INFO -  
2025-01-02 03:18:40,789 - INFO - Redirecionando para: https://verbodavida.info/IVV/?mod=ivv&exec=entradas_saidas_dados&ID=3903631
2025-01-02 03:18:45,504 - INFO - Nova página carregada com sucesso!
2025-01-02 03:18:45,567 - INFO - Número do documento extraído: Registrado(a) em: 02/01/2025 ŕs 00:18:04,Caixa Econômica Montepio Geral, TRANSFERĘNCIA BANCÁRIA Nş DOC:IMPOSTO SOBRE OPERAÇŐES FINANCEIRAS N008 . Baixa realizada por CLAYTON LOPES DA SILVA
2025-01-02 03:18:47,193 - INFO - Descriçăo 'Registrado(a) em: 02/01/2025 ŕs 00:18:04,Caixa Econômica Montepio Geral, TRANSFERĘNCIA BANCÁRIA Nş DOC:IMPOSTO SOBRE OPERAÇŐES FINANCEIRAS N008 . Baixa realizada por CLAYTON LOPES DA SILVA' gravada na linha 9, coluna 'DADOS DOC'.
2025-01-02 03:18:48,408 - INFO - IDUSER 'USERJOB' gravado na linha 9, coluna 'IDUSER'.
2025-01-02 03:18:49,312 - INFO - TIMESTAMP '02/01/2025 03:18:48' gravado na linha 9, coluna 'TIMESTAMP'.
2025-01-02 03:25:19,499 - INFO -  
2025-01-02 03:25:19,504 - INFO - (4.5) ===================================================
2025-01-02 03:25:19,505 - INFO - Iniciando o processo de pesquisa da descrçăo dos inputs do nş documento: 3903632
2025-01-02 03:25:19,506 - INFO -  
2025-01-02 03:25:19,507 - INFO - Redirecionando para: https://verbodavida.info/IVV/?mod=ivv&exec=entradas_saidas_dados&ID=3903632
2025-01-02 03:25:23,145 - INFO - Nova página carregada com sucesso!
2025-01-02 03:25:23,196 - INFO - Número do documento extraído: Registrado(a) em: 02/01/2025 ŕs 00:24:43,Caixa Econômica Montepio Geral, TRANSFERĘNCIA BANCÁRIA Nş DOC:IMPOSTO SOBRE OPERAÇŐES FINANCEIRAS N008 . Baixa realizada por CLAYTON LOPES DA SILVA
2025-01-02 03:25:23,858 - INFO - Descriçăo 'Registrado(a) em: 02/01/2025 ŕs 00:24:43,Caixa Econômica Montepio Geral, TRANSFERĘNCIA BANCÁRIA Nş DOC:IMPOSTO SOBRE OPERAÇŐES FINANCEIRAS N008 . Baixa realizada por CLAYTON LOPES DA SILVA' gravada na linha 9, coluna 'DADOS DOC'.
2025-01-02 03:25:24,682 - INFO - IDUSER 'USERJOB' gravado na linha 9, coluna 'IDUSER'.
2025-01-02 03:25:25,506 - INFO - TIMESTAMP '02/01/2025 03:25:24' gravado na linha 9, coluna 'TIMESTAMP'.
2025-01-02 03:29:45,292 - INFO -  
2025-01-02 03:29:45,314 - INFO - (4.5) ===================================================
2025-01-02 03:29:45,318 - INFO - Iniciando o processo de pesquisa da descrçăo dos inputs do nş documento: 3903633
2025-01-02 03:29:45,323 - INFO -  
2025-01-02 03:29:45,326 - INFO - Redirecionando para: https://verbodavida.info/IVV/?mod=ivv&exec=entradas_saidas_dados&ID=3903633
2025-01-02 03:29:48,220 - INFO - Nova página carregada com sucesso!
2025-01-02 03:29:48,248 - INFO - Número do documento extraído: Registrado(a) em: 02/01/2025 ŕs 00:29:09,Caixa Econômica Montepio Geral, TRANSFERĘNCIA BANCÁRIA Nş DOC:IMPOSTO SOBRE OPERAÇŐES FINANCEIRAS N008 . Baixa realizada por CLAYTON LOPES DA SILVA
2025-01-02 03:29:49,926 - INFO - Descriçăo 'Registrado(a) em: 02/01/2025 ŕs 00:29:09,Caixa Econômica Montepio Geral, TRANSFERĘNCIA BANCÁRIA Nş DOC:IMPOSTO SOBRE OPERAÇŐES FINANCEIRAS N008 . Baixa realizada por CLAYTON LOPES DA SILVA' gravada na linha 9, coluna 'DADOS DOC'.
2025-01-02 03:29:50,902 - INFO - IDUSER 'USERJOB' gravado na linha 9, coluna 'IDUSER'.
2025-01-02 03:29:51,763 - INFO - TIMESTAMP '02/01/2025 03:29:50' gravado na linha 9, coluna 'TIMESTAMP'.
2025-01-02 03:31:13,551 - INFO -  
2025-01-02 03:31:13,554 - INFO - (4.5) ===================================================
2025-01-02 03:31:13,557 - INFO - Iniciando o processo de pesquisa da descrçăo dos inputs do nş documento: 3903634
2025-01-02 03:31:13,560 - INFO -  
2025-01-02 03:31:13,563 - INFO - Redirecionando para: https://verbodavida.info/IVV/?mod=ivv&exec=entradas_saidas_dados&ID=3903634
2025-01-02 03:31:17,172 - INFO - Nova página carregada com sucesso!
2025-01-02 03:31:17,209 - INFO - Número do documento extraído: Registrado(a) em: 02/01/2025 ŕs 00:30:38,Caixa Econômica Montepio Geral, TRANSFERĘNCIA BANCÁRIA Nş DOC:DESPESAS BANCÁRIAS N007 . Baixa realizada por CLAYTON LOPES DA SILVA
2025-01-02 03:31:18,363 - INFO - Descriçăo 'Registrado(a) em: 02/01/2025 ŕs 00:30:38,Caixa Econômica Montepio Geral, TRANSFERĘNCIA BANCÁRIA Nş DOC:DESPESAS BANCÁRIAS N007 . Baixa realizada por CLAYTON LOPES DA SILVA' gravada na linha 8, coluna 'DADOS DOC'.
2025-01-02 03:31:19,286 - INFO - IDUSER 'USERJOB' gravado na linha 8, coluna 'IDUSER'.
2025-01-02 03:31:20,117 - INFO - TIMESTAMP '02/01/2025 03:31:19' gravado na linha 8, coluna 'TIMESTAMP'.
2025-01-02 03:51:48,569 - INFO -  
2025-01-02 03:51:48,604 - INFO - (5.3) ===================================================
2025-01-02 03:51:48,605 - INFO - Iniciando o processo pesquisa DESCRIÇĂO do documento: 3903635
2025-01-02 03:51:48,606 - INFO -  
2025-01-02 03:51:48,607 - INFO - Redirecionando para: https://verbodavida.info/IVV/?mod=ivv&exec=entradas_saidas_dados&ID=3903635
2025-01-02 03:51:51,647 - INFO - Nova página carregada com sucesso!
2025-01-02 03:51:51,675 - INFO - Número do documento extraído: Registrado(a) em: 02/01/2025 ŕs 00:51:14,Caixa Econômica Montepio Geral, TRANSFERĘNCIA BANCÁRIA . Baixa realizada por CLAYTON LOPES DA SILVA
2025-01-02 03:51:52,918 - INFO - Descriçăo 'Registrado(a) em: 02/01/2025 ŕs 00:51:14,Caixa Econômica Montepio Geral, TRANSFERĘNCIA BANCÁRIA . Baixa realizada por CLAYTON LOPES DA SILVA' gravada na linha 6, coluna 'DADOS DOC'.
2025-01-02 03:51:54,437 - INFO - IDUSER 'USERJOB' gravado na linha 6, coluna 'IDUSER'.
2025-01-02 03:51:54,963 - INFO - TIMESTAMP '02/01/2025 03:51:54' gravado na linha 6, coluna 'TIMESTAMP'.
2025-01-02 03:51:54,964 - INFO -  
2025-01-02 03:51:54,965 - INFO - Processamento finalizado para a linha 6
2025-01-02 03:51:54,966 - INFO - (5.4) ===================================================
2025-01-02 03:51:54,966 - INFO -  
2025-01-02 03:52:50,476 - INFO -  
2025-01-02 03:52:50,477 - INFO - (5.3) ===================================================
2025-01-02 03:52:50,478 - INFO - Iniciando o processo pesquisa DESCRIÇĂO do documento: 3903636
2025-01-02 03:52:50,478 - INFO -  
2025-01-02 03:52:50,479 - INFO - Redirecionando para: https://verbodavida.info/IVV/?mod=ivv&exec=entradas_saidas_dados&ID=3903636
2025-01-02 03:52:53,994 - INFO - Nova página carregada com sucesso!
2025-01-02 03:52:54,029 - INFO - Número do documento extraído: Registrado(a) em: 02/01/2025 ŕs 00:52:16,Caixa Econômica Montepio Geral, TRANSFERĘNCIA BANCÁRIA . Baixa realizada por CLAYTON LOPES DA SILVA
2025-01-02 03:52:55,133 - INFO - Descriçăo 'Registrado(a) em: 02/01/2025 ŕs 00:52:16,Caixa Econômica Montepio Geral, TRANSFERĘNCIA BANCÁRIA . Baixa realizada por CLAYTON LOPES DA SILVA' gravada na linha 5, coluna 'DADOS DOC'.
2025-01-02 03:52:55,432 - INFO - IDUSER 'USERJOB' gravado na linha 5, coluna 'IDUSER'.
2025-01-02 03:52:55,733 - INFO - TIMESTAMP '02/01/2025 03:52:55' gravado na linha 5, coluna 'TIMESTAMP'.
2025-01-02 03:52:55,734 - INFO -  
2025-01-02 03:52:55,735 - INFO - Processamento finalizado para a linha 5
2025-01-02 03:52:55,737 - INFO - (5.4) ===================================================
2025-01-02 03:52:55,737 - INFO -  
2025-01-02 04:16:12,845 - INFO -  
2025-01-02 04:16:12,884 - INFO - (5.3) ===================================================
2025-01-02 04:16:12,885 - INFO - Iniciando o processo pesquisa DESCRIÇĂO do documento: 3903637
2025-01-02 04:16:12,886 - INFO -  
2025-01-02 04:16:12,887 - INFO - Redirecionando para: https://verbodavida.info/IVV/?mod=ivv&exec=entradas_saidas_dados&ID=3903637
2025-01-02 04:16:16,649 - INFO - Nova página carregada com sucesso!
2025-01-02 04:16:16,665 - INFO - Número do documento extraído: Registrado(a) em: 02/01/2025 ŕs 01:15:37,Caixa Econômica Montepio Geral, TRANSFERĘNCIA BANCÁRIA . Baixa realizada por CLAYTON LOPES DA SILVA
2025-01-02 04:16:17,809 - INFO - Descriçăo 'Registrado(a) em: 02/01/2025 ŕs 01:15:37,Caixa Econômica Montepio Geral, TRANSFERĘNCIA BANCÁRIA . Baixa realizada por CLAYTON LOPES DA SILVA' gravada na linha 4, coluna 'DADOS DOC'.
2025-01-02 04:16:18,651 - INFO - IDUSER 'USERJOB' gravado na linha 4, coluna 'IDUSER'.
2025-01-02 04:16:19,568 - INFO - TIMESTAMP '02/01/2025 04:16:18' gravado na linha 4, coluna 'TIMESTAMP'.
2025-01-02 04:16:19,569 - INFO -  
2025-01-02 04:16:19,571 - INFO - Processamento finalizado para a linha 4
2025-01-02 04:16:19,572 - INFO - (5.4) ===================================================
2025-01-02 04:16:19,573 - INFO -  
2025-01-02 04:17:16,528 - INFO -  
2025-01-02 04:17:16,529 - INFO - (5.3) ===================================================
2025-01-02 04:17:16,530 - INFO - Iniciando o processo pesquisa DESCRIÇĂO do documento: 3903638
2025-01-02 04:17:16,530 - INFO -  
2025-01-02 04:17:16,531 - INFO - Redirecionando para: https://verbodavida.info/IVV/?mod=ivv&exec=entradas_saidas_dados&ID=3903638
2025-01-02 04:17:19,514 - INFO - Nova página carregada com sucesso!
2025-01-02 04:17:19,541 - INFO - Número do documento extraído: Registrado(a) em: 02/01/2025 ŕs 01:16:42,Caixa Econômica Montepio Geral, TRANSFERĘNCIA BANCÁRIA . Baixa realizada por CLAYTON LOPES DA SILVA
2025-01-02 04:17:20,631 - INFO - Descriçăo 'Registrado(a) em: 02/01/2025 ŕs 01:16:42,Caixa Econômica Montepio Geral, TRANSFERĘNCIA BANCÁRIA . Baixa realizada por CLAYTON LOPES DA SILVA' gravada na linha 3, coluna 'DADOS DOC'.
2025-01-02 04:17:21,487 - INFO - IDUSER 'USERJOB' gravado na linha 3, coluna 'IDUSER'.
2025-01-02 04:17:22,321 - INFO - TIMESTAMP '02/01/2025 04:17:21' gravado na linha 3, coluna 'TIMESTAMP'.
2025-01-02 04:17:22,322 - INFO -  
2025-01-02 04:17:22,323 - INFO - Processamento finalizado para a linha 3
2025-01-02 04:17:22,324 - INFO - (5.4) ===================================================
2025-01-02 04:17:22,324 - INFO -  
2025-01-02 04:18:20,488 - INFO -  
2025-01-02 04:18:20,489 - INFO - (5.3) ===================================================
2025-01-02 04:18:20,490 - INFO - Iniciando o processo pesquisa DESCRIÇĂO do documento: 3903639
2025-01-02 04:18:20,491 - INFO -  
2025-01-02 04:18:20,491 - INFO - Redirecionando para: https://verbodavida.info/IVV/?mod=ivv&exec=entradas_saidas_dados&ID=3903639
2025-01-02 04:18:23,253 - INFO - Nova página carregada com sucesso!
2025-01-02 04:18:23,276 - INFO - Número do documento extraído: Registrado(a) em: 02/01/2025 ŕs 01:17:46,Caixa Econômica Montepio Geral, TRANSFERĘNCIA BANCÁRIA . Baixa realizada por CLAYTON LOPES DA SILVA
2025-01-02 04:18:24,522 - INFO - Descriçăo 'Registrado(a) em: 02/01/2025 ŕs 01:17:46,Caixa Econômica Montepio Geral, TRANSFERĘNCIA BANCÁRIA . Baixa realizada por CLAYTON LOPES DA SILVA' gravada na linha 2, coluna 'DADOS DOC'.
2025-01-02 04:18:25,403 - INFO - IDUSER 'USERJOB' gravado na linha 2, coluna 'IDUSER'.
2025-01-02 04:18:25,714 - INFO - TIMESTAMP '02/01/2025 04:18:25' gravado na linha 2, coluna 'TIMESTAMP'.
2025-01-02 04:18:25,715 - INFO -  
2025-01-02 04:18:25,716 - INFO - Processamento finalizado para a linha 2
2025-01-02 04:18:25,717 - INFO - (5.4) ===================================================
2025-01-02 04:18:25,718 - INFO -  
2025-01-02 04:24:52,418 - INFO -  
2025-01-02 04:24:52,424 - INFO - (4.5) ===================================================
2025-01-02 04:24:52,425 - INFO - Iniciando o processo de pesquisa da descrçăo dos inputs do nş documento: 3903640
2025-01-02 04:24:52,426 - INFO -  
2025-01-02 04:24:52,428 - INFO - Redirecionando para: https://verbodavida.info/IVV/?mod=ivv&exec=entradas_saidas_dados&ID=3903640
2025-01-02 04:24:55,413 - INFO - Nova página carregada com sucesso!
2025-01-02 04:24:55,445 - INFO - Número do documento extraído: Registrado(a) em: 02/01/2025 ŕs 01:24:18,Caixa Econômica Montepio Geral, TRANSFERĘNCIA BANCÁRIA Nş DOC:IMPOSTO SOBRE OPERAÇŐES FINANCEIRAS N008 . Baixa realizada por CLAYTON LOPES DA SILVA
2025-01-02 04:24:56,003 - INFO - Descriçăo 'Registrado(a) em: 02/01/2025 ŕs 01:24:18,Caixa Econômica Montepio Geral, TRANSFERĘNCIA BANCÁRIA Nş DOC:IMPOSTO SOBRE OPERAÇŐES FINANCEIRAS N008 . Baixa realizada por CLAYTON LOPES DA SILVA' gravada na linha 9, coluna 'DADOS DOC'.
2025-01-02 04:24:56,323 - INFO - IDUSER 'USERJOB' gravado na linha 9, coluna 'IDUSER'.
2025-01-02 04:24:57,997 - INFO - TIMESTAMP '02/01/2025 04:24:56' gravado na linha 9, coluna 'TIMESTAMP'.
2025-01-02 04:26:10,419 - INFO -  
2025-01-02 04:26:10,419 - INFO - (4.5) ===================================================
2025-01-02 04:26:10,421 - INFO - Iniciando o processo de pesquisa da descrçăo dos inputs do nş documento: 3903641
2025-01-02 04:26:10,422 - INFO -  
2025-01-02 04:26:10,423 - INFO - Redirecionando para: https://verbodavida.info/IVV/?mod=ivv&exec=entradas_saidas_dados&ID=3903641
2025-01-02 04:26:14,106 - INFO - Nova página carregada com sucesso!
2025-01-02 04:26:14,127 - INFO - Número do documento extraído: Registrado(a) em: 02/01/2025 ŕs 01:25:36,Caixa Econômica Montepio Geral, TRANSFERĘNCIA BANCÁRIA Nş DOC:DESPESAS BANCÁRIAS N007 . Baixa realizada por CLAYTON LOPES DA SILVA
2025-01-02 04:26:15,241 - INFO - Descriçăo 'Registrado(a) em: 02/01/2025 ŕs 01:25:36,Caixa Econômica Montepio Geral, TRANSFERĘNCIA BANCÁRIA Nş DOC:DESPESAS BANCÁRIAS N007 . Baixa realizada por CLAYTON LOPES DA SILVA' gravada na linha 8, coluna 'DADOS DOC'.
2025-01-02 04:26:16,071 - INFO - IDUSER 'USERJOB' gravado na linha 8, coluna 'IDUSER'.
2025-01-02 04:26:16,913 - INFO - TIMESTAMP '02/01/2025 04:26:16' gravado na linha 8, coluna 'TIMESTAMP'.
